Arguments: 
  /Users/divy/.nvm/versions/node/v16.13.1/bin/node /Users/divy/.nvm/versions/node/v16.13.1/bin/yarn publish --access=public

PATH: 
  /Users/divy/go/bin:node_modules/.bin:/opt/homebrew/opt/llvm/bin:/opt/homebrew/bin:/Users/divy/.local/bin:/Users/divy/bin:bin:/Users/divy/.deno/bin:/Users/divy/.cargo/bin:/Users/divy/.nvm/versions/node/v16.13.1/bin/:/opt/local/bin:/opt/local/sbin:/usr/local/bin:/usr/bin:/bin:/usr/sbin:/sbin

Yarn version: 
  1.22.17

Node version: 
  16.13.1

Platform: 
  darwin arm64

Trace: 
  Error: https://registry.yarnpkg.com/-/user/org.couchdb.user:divy-work: failed to authenticate: Could not authenticate divy-work: bad password
      at Request.params.callback [as _callback] (/Users/divy/.nvm/versions/node/v16.13.1/lib/node_modules/yarn/lib/cli.js:67029:18)
      at Request.self.callback (/Users/divy/.nvm/versions/node/v16.13.1/lib/node_modules/yarn/lib/cli.js:140883:22)
      at Request.emit (node:events:390:28)
      at Request.<anonymous> (/Users/divy/.nvm/versions/node/v16.13.1/lib/node_modules/yarn/lib/cli.js:141855:10)
      at Request.emit (node:events:390:28)
      at IncomingMessage.<anonymous> (/Users/divy/.nvm/versions/node/v16.13.1/lib/node_modules/yarn/lib/cli.js:141777:12)
      at Object.onceWrapper (node:events:509:28)
      at IncomingMessage.emit (node:events:402:35)
      at endReadableNT (node:internal/streams/readable:1343:12)
      at processTicksAndRejections (node:internal/process/task_queues:83:21)

npm manifest: 
  {
    "name": "@three-em/node-darwin-arm64",
    "version": "0.2.9",
    "os": [
      "darwin"
    ],
    "cpu": [
      "arm64"
    ],
    "main": "three_em_node.darwin-arm64.node",
    "files": [
      "three_em_node.darwin-arm64.node"
    ],
    "author": "Divy Srivastava <dj.srivastava23@gmail.com>",
    "license": "MIT"
  }

yarn manifest: 
  No manifest

Lockfile: 
  No lockfile
